<?xml version='1.0' encoding='UTF-8'?>
<testsuite hostname="thismachine" name="Test" tests="1" errors="0" failures="0" skipped="0" time="0.015" timestamp="2020-11-09T19:58:34">
                     <properties>
[...]
</properties>
                     <testcase classname="Test" name="Test." time="0.015">
                                                 
                                               </testcase>
                     <system-out><![CDATA[]]></system-out>
                     <system-err><![CDATA[]]></system-err>
                   </testsuite>